This file contains any messages produced by compilers while
running configure, to aid debugging if configure makes a mistake.

It was created by libusb configure 1.0.0, which was
generated by GNU Autoconf 2.68.  Invocation command line was

  $ ./configure 

## --------- ##
## Platform. ##
## --------- ##

hostname = amazon
uname -m = x86_64
uname -r = 3.2.0-23-generic
uname -s = Linux
uname -v = #36-Ubuntu SMP Tue Apr 10 20:39:51 UTC 2012

/usr/bin/uname -p = unknown
/bin/uname -X     = unknown

/bin/arch              = unknown
/usr/bin/arch -k       = unknown
/usr/convex/getsysinfo = unknown
/usr/bin/hostinfo      = unknown
/bin/machine           = unknown
/usr/bin/oslevel       = unknown
/bin/universe          = unknown

PATH: .
PATH: /usr/local/sbin
PATH: /usr/local/bin
PATH: /usr/sbin
PATH: /usr/bin
PATH: /sbin
PATH: /bin
PATH: /usr/games
PATH: /opt/cinelerra
PATH: /usr/local/jdk1.6.0_21/bin/


## ----------- ##
## Core tests. ##
## ----------- ##

configure:2275: checking for a BSD-compatible install
configure:2343: result: /usr/bin/install -c
configure:2354: checking whether build environment is sane
configure:2391: result: yes
configure:2416: checking for a thread-safe mkdir -p
configure:2455: result: /bin/mkdir -p
configure:2468: checking for gawk
configure:2498: result: no
configure:2468: checking for mawk
configure:2484: found /usr/bin/mawk
configure:2495: result: mawk
configure:2506: checking whether make -j 8 sets $(MAKE)
configure:2528: result: yes
configure:2763: checking for gcc
configure:2779: found /usr/bin/gcc
configure:2790: result: gcc
configure:3019: checking for C compiler version
configure:3028: gcc --version >&5
gcc (Ubuntu/Linaro 4.6.3-1ubuntu5) 4.6.3
Copyright (C) 2011 Free Software Foundation, Inc.
This is free software; see the source for copying conditions.  There is NO
warranty; not even for MERCHANTABILITY or FITNESS FOR A PARTICULAR PURPOSE.

configure:3039: $? = 0
configure:3028: gcc -v >&5
Using built-in specs.
COLLECT_GCC=gcc
COLLECT_LTO_WRAPPER=/usr/lib/gcc/x86_64-linux-gnu/4.6/lto-wrapper
Target: x86_64-linux-gnu
Configured with: ../src/configure -v --with-pkgversion='Ubuntu/Linaro 4.6.3-1ubuntu5' --with-bugurl=file:///usr/share/doc/gcc-4.6/README.Bugs --enable-languages=c,c++,fortran,objc,obj-c++ --prefix=/usr --program-suffix=-4.6 --enable-shared --enable-linker-build-id --with-system-zlib --libexecdir=/usr/lib --without-included-gettext --enable-threads=posix --with-gxx-include-dir=/usr/include/c++/4.6 --libdir=/usr/lib --enable-nls --with-sysroot=/ --enable-clocale=gnu --enable-libstdcxx-debug --enable-libstdcxx-time=yes --enable-gnu-unique-object --enable-plugin --enable-objc-gc --disable-werror --with-arch-32=i686 --with-tune=generic --enable-checking=release --build=x86_64-linux-gnu --host=x86_64-linux-gnu --target=x86_64-linux-gnu
Thread model: posix
gcc version 4.6.3 (Ubuntu/Linaro 4.6.3-1ubuntu5) 
configure:3039: $? = 0
configure:3028: gcc -V >&5
gcc: error: unrecognized option '-V'
gcc: fatal error: no input files
compilation terminated.
configure:3039: $? = 4
configure:3028: gcc -qversion >&5
gcc: error: unrecognized option '-qversion'
gcc: fatal error: no input files
compilation terminated.
configure:3039: $? = 4
configure:3059: checking whether the C compiler works
configure:3081: gcc    conftest.c  >&5
configure:3085: $? = 0
configure:3133: result: yes
configure:3136: checking for C compiler default output file name
configure:3138: result: a.out
configure:3144: checking for suffix of executables
configure:3151: gcc -o conftest    conftest.c  >&5
configure:3155: $? = 0
configure:3177: result: 
configure:3199: checking whether we are cross compiling
configure:3207: gcc -o conftest    conftest.c  >&5
configure:3211: $? = 0
configure:3218: ./conftest
configure:3222: $? = 0
configure:3237: result: no
configure:3242: checking for suffix of object files
configure:3264: gcc -c   conftest.c >&5
configure:3268: $? = 0
configure:3289: result: o
configure:3293: checking whether we are using the GNU C compiler
configure:3312: gcc -c   conftest.c >&5
configure:3312: $? = 0
configure:3321: result: yes
configure:3330: checking whether gcc accepts -g
configure:3350: gcc -c -g  conftest.c >&5
configure:3350: $? = 0
configure:3391: result: yes
configure:3408: checking for gcc option to accept ISO C89
configure:3472: gcc  -c -g -O2  conftest.c >&5
configure:3472: $? = 0
configure:3485: result: none needed
configure:3516: checking for style of include used by make -j 8
configure:3544: result: GNU
configure:3569: checking dependency style of gcc
configure:3660: result: gcc3
configure:3704: checking build system type
configure:3718: result: x86_64-unknown-linux-gnu
configure:3738: checking host system type
configure:3751: result: x86_64-unknown-linux-gnu
configure:3771: checking for a sed that does not truncate output
configure:3835: result: /bin/sed
configure:3853: checking for grep that handles long lines and -e
configure:3911: result: /bin/grep
configure:3916: checking for egrep
configure:3978: result: /bin/grep -E
configure:3983: checking for fgrep
configure:4045: result: /bin/grep -F
configure:4080: checking for ld used by gcc
configure:4147: result: /usr/bin/ld
configure:4154: checking if the linker (/usr/bin/ld) is GNU ld
configure:4169: result: yes
configure:4181: checking for BSD- or MS-compatible name lister (nm)
configure:4230: result: /usr/bin/nm -B
configure:4348: checking the name lister (/usr/bin/nm -B) interface
configure:4355: gcc -c -g -O2  conftest.c >&5
configure:4358: /usr/bin/nm -B "conftest.o"
configure:4361: output
0000000000000000 B some_variable
configure:4368: result: BSD nm
configure:4371: checking whether ln -s works
configure:4375: result: yes
configure:4383: checking the maximum length of command line arguments
configure:4503: result: 1572864
configure:4520: checking whether the shell understands some XSI constructs
configure:4530: result: yes
configure:4534: checking whether the shell understands "+="
configure:4540: result: yes
configure:4575: checking for /usr/bin/ld option to reload object files
configure:4582: result: -r
configure:4651: checking for objdump
configure:4667: found /usr/bin/objdump
configure:4678: result: objdump
configure:4710: checking how to recognize dependent libraries
configure:4906: result: pass_all
configure:4966: checking for ar
configure:4982: found /usr/bin/ar
configure:4993: result: ar
configure:5071: checking for strip
configure:5087: found /usr/bin/strip
configure:5098: result: strip
configure:5170: checking for ranlib
configure:5186: found /usr/bin/ranlib
configure:5197: result: ranlib
configure:5287: checking command to parse /usr/bin/nm -B output from gcc object
configure:5405: gcc -c -g -O2  conftest.c >&5
configure:5408: $? = 0
configure:5412: /usr/bin/nm -B conftest.o \| sed -n -e 's/^.*[	 ]\([ABCDGIRSTW][ABCDGIRSTW]*\)[	 ][	 ]*\([_A-Za-z][_A-Za-z0-9]*\)$/\1 \2 \2/p' \> conftest.nm
configure:5415: $? = 0
configure:5469: gcc -o conftest -g -O2   conftest.c conftstm.o >&5
configure:5472: $? = 0
configure:5510: result: ok
configure:5606: gcc -c -g -O2  conftest.c >&5
configure:5609: $? = 0
configure:6319: checking how to run the C preprocessor
configure:6350: gcc -E  conftest.c
configure:6350: $? = 0
configure:6364: gcc -E  conftest.c
conftest.c:11:28: fatal error: ac_nonexistent.h: No such file or directory
compilation terminated.
configure:6364: $? = 1
configure: failed program was:
| /* confdefs.h */
| #define PACKAGE_NAME "libusb"
| #define PACKAGE_TARNAME "libusb"
| #define PACKAGE_VERSION "1.0.0"
| #define PACKAGE_STRING "libusb 1.0.0"
| #define PACKAGE_BUGREPORT ""
| #define PACKAGE_URL ""
| #define PACKAGE "libusb"
| #define VERSION "1.0.0"
| /* end confdefs.h.  */
| #include <ac_nonexistent.h>
configure:6389: result: gcc -E
configure:6409: gcc -E  conftest.c
configure:6409: $? = 0
configure:6423: gcc -E  conftest.c
conftest.c:11:28: fatal error: ac_nonexistent.h: No such file or directory
compilation terminated.
configure:6423: $? = 1
configure: failed program was:
| /* confdefs.h */
| #define PACKAGE_NAME "libusb"
| #define PACKAGE_TARNAME "libusb"
| #define PACKAGE_VERSION "1.0.0"
| #define PACKAGE_STRING "libusb 1.0.0"
| #define PACKAGE_BUGREPORT ""
| #define PACKAGE_URL ""
| #define PACKAGE "libusb"
| #define VERSION "1.0.0"
| /* end confdefs.h.  */
| #include <ac_nonexistent.h>
configure:6452: checking for ANSI C header files
configure:6472: gcc -c -g -O2  conftest.c >&5
configure:6472: $? = 0
configure:6545: gcc -o conftest -g -O2   conftest.c  >&5
configure:6545: $? = 0
configure:6545: ./conftest
configure:6545: $? = 0
configure:6556: result: yes
configure:6569: checking for sys/types.h
configure:6569: gcc -c -g -O2  conftest.c >&5
configure:6569: $? = 0
configure:6569: result: yes
configure:6569: checking for sys/stat.h
configure:6569: gcc -c -g -O2  conftest.c >&5
configure:6569: $? = 0
configure:6569: result: yes
configure:6569: checking for stdlib.h
configure:6569: gcc -c -g -O2  conftest.c >&5
configure:6569: $? = 0
configure:6569: result: yes
configure:6569: checking for string.h
configure:6569: gcc -c -g -O2  conftest.c >&5
configure:6569: $? = 0
configure:6569: result: yes
configure:6569: checking for memory.h
configure:6569: gcc -c -g -O2  conftest.c >&5
configure:6569: $? = 0
configure:6569: result: yes
configure:6569: checking for strings.h
configure:6569: gcc -c -g -O2  conftest.c >&5
configure:6569: $? = 0
configure:6569: result: yes
configure:6569: checking for inttypes.h
configure:6569: gcc -c -g -O2  conftest.c >&5
configure:6569: $? = 0
configure:6569: result: yes
configure:6569: checking for stdint.h
configure:6569: gcc -c -g -O2  conftest.c >&5
configure:6569: $? = 0
configure:6569: result: yes
configure:6569: checking for unistd.h
configure:6569: gcc -c -g -O2  conftest.c >&5
configure:6569: $? = 0
configure:6569: result: yes
configure:6583: checking for dlfcn.h
configure:6583: gcc -c -g -O2  conftest.c >&5
configure:6583: $? = 0
configure:6583: result: yes
configure:6767: checking for objdir
configure:6782: result: .libs
configure:7074: checking if gcc supports -fno-rtti -fno-exceptions
configure:7092: gcc -c -g -O2  -fno-rtti -fno-exceptions conftest.c >&5
cc1: warning: command line option '-fno-rtti' is valid for C++/ObjC++ but not for C [enabled by default]
configure:7096: $? = 0
configure:7109: result: no
configure:7129: checking for gcc option to produce PIC
configure:7401: result: -fPIC -DPIC
configure:7413: checking if gcc PIC flag -fPIC -DPIC works
configure:7431: gcc -c -g -O2  -fPIC -DPIC -DPIC conftest.c >&5
configure:7435: $? = 0
configure:7448: result: yes
configure:7472: checking if gcc static flag -static works
configure:7500: result: yes
configure:7515: checking if gcc supports -c -o file.o
configure:7536: gcc -c -g -O2  -o out/conftest2.o conftest.c >&5
configure:7540: $? = 0
configure:7562: result: yes
configure:7570: checking if gcc supports -c -o file.o
configure:7617: result: yes
configure:7650: checking whether the gcc linker (/usr/bin/ld -m elf_x86_64) supports shared libraries
configure:8636: result: yes
configure:8673: checking whether -lc should be explicitly linked in
configure:8678: gcc -c -g -O2  conftest.c >&5
configure:8681: $? = 0
configure:8696: gcc -shared conftest.o  -v -Wl,-soname -Wl,conftest -o conftest 2\>\&1 \| /bin/grep  -lc  \>/dev/null 2\>\&1
configure:8699: $? = 0
configure:8711: result: no
configure:8875: checking dynamic linker characteristics
configure:9321: gcc -o conftest -g -O2   -Wl,-rpath -Wl,/foo conftest.c  >&5
configure:9321: $? = 0
configure:9539: result: GNU/Linux ld.so
configure:9641: checking how to hardcode library paths into programs
configure:9666: result: immediate
configure:10186: checking whether stripping libraries is possible
configure:10191: result: yes
configure:10226: checking if libtool supports shared libraries
configure:10228: result: yes
configure:10231: checking whether to build shared libraries
configure:10252: result: yes
configure:10255: checking whether to build static libraries
configure:10259: result: yes
configure:10294: checking for inline
configure:10310: gcc -c -g -O2  conftest.c >&5
configure:10310: $? = 0
configure:10318: result: inline
configure:10337: checking whether gcc and cc understand -c and -o together
configure:10368: gcc -c conftest.c -o conftest2.o >&5
configure:10372: $? = 0
configure:10378: gcc -c conftest.c -o conftest2.o >&5
configure:10382: $? = 0
configure:10393: cc -c conftest.c >&5
configure:10397: $? = 0
configure:10405: cc -c conftest.c -o conftest2.o >&5
configure:10409: $? = 0
configure:10415: cc -c conftest.c -o conftest2.o >&5
configure:10419: $? = 0
configure:10437: result: yes
configure:10466: checking operating system
configure:10474: result: Linux
configure:10557: gcc -c -g -O2 -fgnu89-inline  conftest.c >&5
configure:10557: $? = 0
configure:10703: creating ./config.status

## ---------------------- ##
## Running config.status. ##
## ---------------------- ##

This file was extended by libusb config.status 1.0.0, which was
generated by GNU Autoconf 2.68.  Invocation command line was

  CONFIG_FILES    = 
  CONFIG_HEADERS  = 
  CONFIG_LINKS    = 
  CONFIG_COMMANDS = 
  $ ./config.status 

on amazon

config.status:1087: creating libusb-1.0.pc
config.status:1087: creating Makefile
config.status:1087: creating libusb/Makefile
config.status:1087: creating examples/Makefile
config.status:1087: creating doc/Makefile
config.status:1087: creating doc/doxygen.cfg
config.status:1087: creating config.h
config.status:1268: config.h is unchanged
config.status:1316: executing depfiles commands
config.status:1316: executing libtool commands

## ---------------- ##
## Cache variables. ##
## ---------------- ##

ac_cv_build=x86_64-unknown-linux-gnu
ac_cv_c_compiler_gnu=yes
ac_cv_c_inline=inline
ac_cv_env_CC_set=
ac_cv_env_CC_value=
ac_cv_env_CFLAGS_set=
ac_cv_env_CFLAGS_value=
ac_cv_env_CPPFLAGS_set=
ac_cv_env_CPPFLAGS_value=
ac_cv_env_CPP_set=
ac_cv_env_CPP_value=
ac_cv_env_LDFLAGS_set=
ac_cv_env_LDFLAGS_value=
ac_cv_env_LIBS_set=
ac_cv_env_LIBS_value=
ac_cv_env_build_alias_set=
ac_cv_env_build_alias_value=
ac_cv_env_host_alias_set=
ac_cv_env_host_alias_value=
ac_cv_env_target_alias_set=
ac_cv_env_target_alias_value=
ac_cv_header_dlfcn_h=yes
ac_cv_header_inttypes_h=yes
ac_cv_header_memory_h=yes
ac_cv_header_stdc=yes
ac_cv_header_stdint_h=yes
ac_cv_header_stdlib_h=yes
ac_cv_header_string_h=yes
ac_cv_header_strings_h=yes
ac_cv_header_sys_stat_h=yes
ac_cv_header_sys_types_h=yes
ac_cv_header_unistd_h=yes
ac_cv_host=x86_64-unknown-linux-gnu
ac_cv_objext=o
ac_cv_path_EGREP='/bin/grep -E'
ac_cv_path_FGREP='/bin/grep -F'
ac_cv_path_GREP=/bin/grep
ac_cv_path_SED=/bin/sed
ac_cv_path_install='/usr/bin/install -c'
ac_cv_path_mkdir=/bin/mkdir
ac_cv_prog_AWK=mawk
ac_cv_prog_CPP='gcc -E'
ac_cv_prog_ac_ct_AR=ar
ac_cv_prog_ac_ct_CC=gcc
ac_cv_prog_ac_ct_OBJDUMP=objdump
ac_cv_prog_ac_ct_RANLIB=ranlib
ac_cv_prog_ac_ct_STRIP=strip
ac_cv_prog_cc_c89=
ac_cv_prog_cc_g=yes
ac_cv_prog_cc_gcc_c_o=yes
ac_cv_prog_make_make_set=yes
am_cv_CC_dependencies_compiler_type=gcc3
lt_cv_deplibs_check_method=pass_all
lt_cv_file_magic_cmd='$MAGIC_CMD'
lt_cv_file_magic_test_file=
lt_cv_ld_reload_flag=-r
lt_cv_nm_interface='BSD nm'
lt_cv_objdir=.libs
lt_cv_path_LD=/usr/bin/ld
lt_cv_path_NM='/usr/bin/nm -B'
lt_cv_prog_compiler_c_o=yes
lt_cv_prog_compiler_pic_works=yes
lt_cv_prog_compiler_rtti_exceptions=no
lt_cv_prog_compiler_static_works=yes
lt_cv_prog_gnu_ld=yes
lt_cv_sys_global_symbol_pipe='sed -n -e '\''s/^.*[	 ]\([ABCDGIRSTW][ABCDGIRSTW]*\)[	 ][	 ]*\([_A-Za-z][_A-Za-z0-9]*\)$/\1 \2 \2/p'\'''
lt_cv_sys_global_symbol_to_c_name_address='sed -n -e '\''s/^: \([^ ]*\) $/  {\"\1\", (void *) 0},/p'\'' -e '\''s/^[ABCDGIRSTW]* \([^ ]*\) \([^ ]*\)$/  {"\2", (void *) \&\2},/p'\'''
lt_cv_sys_global_symbol_to_c_name_address_lib_prefix='sed -n -e '\''s/^: \([^ ]*\) $/  {\"\1\", (void *) 0},/p'\'' -e '\''s/^[ABCDGIRSTW]* \([^ ]*\) \(lib[^ ]*\)$/  {"\2", (void *) \&\2},/p'\'' -e '\''s/^[ABCDGIRSTW]* \([^ ]*\) \([^ ]*\)$/  {"lib\2", (void *) \&\2},/p'\'''
lt_cv_sys_global_symbol_to_cdecl='sed -n -e '\''s/^T .* \(.*\)$/extern int \1();/p'\'' -e '\''s/^[ABCDGIRSTW]* .* \(.*\)$/extern char \1;/p'\'''
lt_cv_sys_max_cmd_len=1572864

## ----------------- ##
## Output variables. ##
## ----------------- ##

ACLOCAL='${SHELL} /root/copter/libusb-1.0.0/missing --run aclocal-1.10'
AMDEPBACKSLASH='\'
AMDEP_FALSE='#'
AMDEP_TRUE=''
AMTAR='${SHELL} /root/copter/libusb-1.0.0/missing --run tar'
AM_CFLAGS='-std=gnu99 -fgnu89-inline -Wall -Wundef -Wunused -Wstrict-prototypes -Werror-implicit-function-declaration -Wno-pointer-sign -Wshadow'
AR='ar'
AUTOCONF='${SHELL} /root/copter/libusb-1.0.0/missing --run autoconf'
AUTOHEADER='${SHELL} /root/copter/libusb-1.0.0/missing --run autoheader'
AUTOMAKE='${SHELL} /root/copter/libusb-1.0.0/missing --run automake-1.10'
AWK='mawk'
BUILD_EXAMPLES_FALSE=''
BUILD_EXAMPLES_TRUE='#'
CC='gcc'
CCDEPMODE='depmode=gcc3'
CFLAGS='-g -O2'
CPP='gcc -E'
CPPFLAGS=''
CYGPATH_W='echo'
DEFS='-DHAVE_CONFIG_H'
DEPDIR='.deps'
DSYMUTIL=''
DUMPBIN=''
ECHO_C=''
ECHO_N='-n'
ECHO_T=''
EGREP='/bin/grep -E'
EXEEXT=''
FGREP='/bin/grep -F'
GREP='/bin/grep'
INSTALL_DATA='${INSTALL} -m 644'
INSTALL_PROGRAM='${INSTALL}'
INSTALL_SCRIPT='${INSTALL}'
INSTALL_STRIP_PROGRAM='$(install_sh) -c -s'
LD='/usr/bin/ld -m elf_x86_64'
LDFLAGS=''
LIBOBJS=''
LIBS=''
LIBTOOL='$(SHELL) $(top_builddir)/libtool'
LIPO=''
LN_S='ln -s'
LTLIBOBJS=''
MAKEINFO='${SHELL} /root/copter/libusb-1.0.0/missing --run makeinfo'
MKDIR_P='/bin/mkdir -p'
NM='/usr/bin/nm -B'
NMEDIT=''
OBJDUMP='objdump'
OBJEXT='o'
OS_LINUX=''
OS_LINUX_FALSE='#'
OS_LINUX_TRUE=''
OTOOL64=''
OTOOL=''
PACKAGE='libusb'
PACKAGE_BUGREPORT=''
PACKAGE_NAME='libusb'
PACKAGE_STRING='libusb 1.0.0'
PACKAGE_TARNAME='libusb'
PACKAGE_URL=''
PACKAGE_VERSION='1.0.0'
PATH_SEPARATOR=':'
RANLIB='ranlib'
SED='/bin/sed'
SET_MAKE=''
SHELL='/bin/bash'
STRIP='strip'
VERSION='1.0.0'
ac_ct_CC='gcc'
ac_ct_DUMPBIN=''
am__fastdepCC_FALSE='#'
am__fastdepCC_TRUE=''
am__include='include'
am__isrc=''
am__leading_dot='.'
am__quote=''
am__tar='${AMTAR} chof - "$$tardir"'
am__untar='${AMTAR} xf -'
bindir='${exec_prefix}/bin'
build='x86_64-unknown-linux-gnu'
build_alias=''
build_cpu='x86_64'
build_os='linux-gnu'
build_vendor='unknown'
datadir='${datarootdir}'
datarootdir='${prefix}/share'
docdir='${datarootdir}/doc/${PACKAGE_TARNAME}'
dvidir='${docdir}'
exec_prefix='${prefix}'
host='x86_64-unknown-linux-gnu'
host_alias=''
host_cpu='x86_64'
host_os='linux-gnu'
host_vendor='unknown'
htmldir='${docdir}'
includedir='${prefix}/include'
infodir='${datarootdir}/info'
install_sh='$(SHELL) /root/copter/libusb-1.0.0/install-sh'
libdir='${exec_prefix}/lib'
libexecdir='${exec_prefix}/libexec'
localedir='${datarootdir}/locale'
localstatedir='${prefix}/var'
lt_ECHO='echo'
lt_age='0'
lt_major='0'
lt_revision='0'
mandir='${datarootdir}/man'
mkdir_p='/bin/mkdir -p'
oldincludedir='/usr/include'
pdfdir='${docdir}'
prefix='/usr/local'
program_transform_name='s,x,x,'
psdir='${docdir}'
sbindir='${exec_prefix}/sbin'
sharedstatedir='${prefix}/com'
sysconfdir='${prefix}/etc'
target_alias=''

## ----------- ##
## confdefs.h. ##
## ----------- ##

/* confdefs.h */
#define PACKAGE_NAME "libusb"
#define PACKAGE_TARNAME "libusb"
#define PACKAGE_VERSION "1.0.0"
#define PACKAGE_STRING "libusb 1.0.0"
#define PACKAGE_BUGREPORT ""
#define PACKAGE_URL ""
#define PACKAGE "libusb"
#define VERSION "1.0.0"
#define STDC_HEADERS 1
#define HAVE_SYS_TYPES_H 1
#define HAVE_SYS_STAT_H 1
#define HAVE_STDLIB_H 1
#define HAVE_STRING_H 1
#define HAVE_MEMORY_H 1
#define HAVE_STRINGS_H 1
#define HAVE_INTTYPES_H 1
#define HAVE_STDINT_H 1
#define HAVE_UNISTD_H 1
#define HAVE_DLFCN_H 1
#define LT_OBJDIR ".libs/"
#define _GNU_SOURCE /**/
#define OS_LINUX /**/
#define ENABLE_LOGGING 1
#define API_EXPORTED __attribute__((visibility("default")))

configure: exit 0
